[RUN #0 100-102 100]
-538 -358 -814 553 -348 -866 -240 -43 -187 -207 85 -128 -457 175 -236 -149 497 96 -89 851 -283 202 574 -568 823 555 296 826 -535 -953 -119 -672 400 802 679 -898 187 -624 -140 -336 -639 314 886 -510 -702 452 -891 -684 -492 -442 -537 255 -355 -94 -815 -979 -67 -566 596 -726 632 -742 516 -341 927 398 -349 -932 630 258 601 -325 786 -879 742 -708 -677 -724 435 291 -727 519 427 290 -441 130 -556 -641 -597 -773 798 -974 -196 576 116 371 194 -509 406 818
747 -797 218 -460 -179 -477 402 -815 -392 -358 -440 -661 -734 684 842 247 414 490 -362 399 609 192 158 457 441 -751 -23 529 618 -456 413 -418 -240 -334 21 -57 227 773 -703 -53 -104 236 631 -78 3 261 942 -21 -413 -336 -551 220 863 -715 -400 -274 320 776 -14 990 454 780 970 -236 -59 953 -324 190 856 433 -291 898 -344 98 295 231 170 -200 221 304 -618 84 -811 -4 -463 736 -659 565 -304 -921 -620 136 -84 717 313 -687 -564 391 241 -544
-631 -112 665 935 -495 750 -319 -222 -99 -851 603 -689 414 494 -972 542 -587 -713 -438 -280 392 168 -885 43 -535 -104 -447 782 215 -102 -573 386 -178 108 -245 -838 564 -166 -892 825 -792 573 -949 -12 294 988 -862 808 -246 -952 967 -328 -72 -955 693 83 -916 640 -341 537 486 620 387 -795 -108 595 -231 328 -651 102 363 -133 -165 47 -61 397 581 -262 -454 257 515 -696 -109 -91 250 66 -220 -398 -305 -162 184 -434 -49 297 -737 -36 174 526 69 -252
840 -140 734 -549 413 844 -138 -532 -466 756 807 668 68 -353 899 -87 268 19 -40 202 300 971 999 -659 562 480 -25 -991 893 610 -688 476 -398 428 -269 337 -243 102 716 680 -168 -698 -735 514 304 593 452 914 -951 185 757 749 376 -746 931 346 -748 -347 418 94 998 247 -21 -775 633 -928 -599 -271 -656 921 788 -837 -513 273 -766 -708 -329 83 28 932 321 910 -726 484 297 -64 -631 -193 -560 -425 -743 -674 847 354 140 -762 -85 -234 -261 -298
-619 -965 -397 -771 440 -593 -316 539 -952 -536 -712 -215 238 -997 -623 -29 -39 -774 -309 -973 71 644 215 -216 730 867 -859 511 947 -167 121 298 663 -562 676 147 -156 -932 470 -985 -595 611 -666 497 807 271 472 123 -763 -371 935 -752 -415 -23 -981 -83 62 475 921 500 -894 624 -43 161 380 -85 758 -939 925 -4 -570 -6 529 -448 6 -566 -292 -57 -106 892 -835 396 -136 74 -832 -609 -313 445 328 -322 -930 243 75 -885 -878 -278 -198 -600 917 -336
-849 -797 714 360 671 116 -133 -859 50 635 468 57 -153 -259 516 195 -602 733 336 321 802 -498 -690 -514 -506 -286 628 -971 -933 -240 -713 -502 339 -952 836 -423 618 121 559 483 934 -948 -928 -193 41 110 81 283 24 -114 83 158 366 -159 954 239 -10 -957 -893 -46 382 -681 712 473 724 -607 513 363 -626 304 324 675 -234 -993 919 326 -205 -302 892 972 978 -181 150 -233 965 -521 871 8 -204 -649 -80 -62 -496 811 -2 -98 -474 -492 493 63
[RUN #1 100-102 100]
-903 -604 -702 -904 -616 586 540 -788 888 -81 -266 -509 -569 5 29 42 -677 -214 -790 599 405 -180 195 876 502 572 197 -901 986 627 -249 -396 127 591 93 432 59 244 -539 626 -744 668 645 -61 -248 -486 -700 587 -926 -14 -675 -589 13 -747 -877 63 -678 339 -532 -163 267 980 -75 -842 -820 87 671 179 755 222 -479 69 -670 404 56 55 529 -110 937 -366 -20 559 -312 323 730 -553 568 -995 823 167 723 -585 -646 753 -893 909 181 921 -544 656
-910 -435 145 776 738 64 -331 582 -540 -66 352 -641 909 -155 514 -407 943 -171 123 7 121 310 15 195 685 888 -562 346 278 -870 -800 -823 329 395 -428 -898 -723 61 550 890 737 699 586 445 561 -420 779 -176 652 180 396 740 667 -508 -758 -775 -672 -636 39 993 -253 -436 -81 -995 -97 887 -168 -737 -793 904 269 931 -680 -861 -42 -274 161 -819 -745 -605 28 -424 453 176 897 -327 -656 935 315 -539 -512 605 -412 -339 -471 -738 -323 -788 82 -972
109 643 799 -548 -245 -563 -374 32 -157 -642 -839 -924 71 -90 326 -207 -345 -538 -644 180 -8 -615 846 900 6 256 -585 -147 -378 -70 -556 832 -748 -266 -377 -519 951 -899 -278 751 152 -969 -46 -198 -417 -763 44 602 1 522 731 488 610 -369 -49 710 -397 660 -579 -636 -578 392 -576 166 -164 -509 -827 372 -885 -868 478 969 -926 -575 460 -483 -140 920 220 959 -532 979 -677 -318 385 744 355 -151 -448 453 703 -346 888 962 -413 -887 963 346 -542 149
-269 -954 -351 276 -769 -907 245 451 -110 -881 -880 180 62 836 -408 -812 -759 94 -814 863 815 990 -713 653 697 690 499 -458 -746 110 313 236 -447 852 659 -303 -589 -693 37 941 -736 771 -485 -983 550 -893 899 -932 297 -904 -193 -560 145 -119 910 605 -248 298 -562 708 -132 -385 51 973 74 -950 364 602 299 980 -879 -433 349 182 -192 -250 -703 -730 -774 43 -62 -641 215 935 813 -403 -25 862 822 -681 639 967 -59 296 -211 525 671 444 446 -12
26 12 237 112 -823 541 921 431 461 958 396 -996 836 -151 -263 -374 716 -212 -816 -702 491 -718 -663 200 -24 -280 924 -82 775 896 -575 -557 -250 -789 326 -288 -881 -691 -306 -380 227 614 -768 -615 -89 425 640 546 270 -359 981 531 -143 -73 -459 664 868 -872 -413 408 -481 996 -708 876 770 -690 254 -216 410 -103 840 446 657 139 -247 -525 861 -751 87 440 -526 -326 -771 819 621 368 17 -645 495 970 -136 691 -807 578 -623 -951 -428 -634 -157 554
194 874 -154 -270 762 334 -610 -223 -943 442 738 -697 725 -251 127 -454 -658 -106 915 630 900 683 -458 -743 971 -793 800 579 -547 74 -752 -717 -266 -107 437 115 210 -45 -561 886 17 318 -456 -363 906 39 110 -873 467 -514 -895 997 121 -85 -569 -812 -979 -447 767 620 -138 -605 383 -367 -248 424 25 -435 384 197 -54 231 850 -864 -636 -763 -808 56 -117 -401 804 430 584 855 -764 389 172 84 -176 284 -964 244 955 -555 -213 -501 -757 835 46 349
919 -11 -611 -220 -767 -699 547 -433 -514 -915 632 -847 354 225 -134 992 119 565 302 53 908 -583 603 -161 -364 -797 445 -235 -898 -421 774 -305 -745 -522 -261 22 699 627 309 -353 439 981 -308 -840 -205 988 827 -367 -933 684 410 49 929 -605 383 258 -18 823 582 111 18 802 347 -425 -314 797 -616 -302 791 -682 182 -34 -983 725 337 -837 816 353 465 79 -427 343 -116 961 123 836 25 -555 -426 -931 204 294 335 -486 -980 278 -654 289 -951 544
-455 -968 -438 96 -413 -597 -996 106 489 -540 -50 774 198 -501 -26 -208 -146 624 -29 840 -375 736 -505 580 526 677 620 947 901 687 -822 155 810 -563 -864 648 702 -502 313 908 145 30 460 -839 -270 591 -961 -556 -581 288 461 834 365 -511 730 497 466 220 925 542 746 -219 485 753 -974 739 25 572 -694 -235 -609 240 385 857 -185 946 -853 90 424 921 -111 950 -195 698 -242 -308 995 -305 -903 -932 -538 350 359 871 463 -960 614 911 -178 634
-18 -144 -723 242 249 790 588 865 934 784 968 677 586 584 -729 -77 -278 -746 -883 -412 161 224 589 973 -393 196 -813 -475 -764 642 659 22 -321 371 982 -928 -433 791 -747 892 926 -305 -903 -160 -495 -664 -83 -753 228 134 501 -976 -856 590 587 11 -907 35 -568 -815 -71 55 959 -501 -921 -904 349 -380 828 -344 -275 -443 -425 -395 265 307 -464 -855 697 300 782 -456 -204 241 591 -573 -364 -452 -981 194 -17 450 -546 -178 470 -530 -384 -234 -241 -983
711 -969 -796 -530 190 -326 576 -378 -504 -485 -500 -476 -678 -843 -10 853 -190 441 -47 120 -518 948 -114 514 -817 307 11 -992 -644 -410 583 556 963 -246 -845 3 -812 642 735 -533 443 807 288 -624 755 -977 -818 568 265 849 -952 -405 714 -156 -450 339 164 883 -93 431 -836 -944 -824 -403 770 138 905 718 700 133 -441 -320 -314 -585 -967 -217 662 684 752 -716 889 732 -811 455 -117 -321 -925 -57 392 367 746 -237 953 -150 848 73 187 -312 654 179
-86 677 -826 848 284 -409 -850 -171 -308 -233 383 -13 804 965 -678 -160 530 -282 142 400 -474 738 392 -189 472 -301 57 -980 574 931 -170 306 -571 -270 105 236 -489 -841 996 -877 -239 784 512 524 -374 -53 23 866 -151 648 769 167 -647 -758 486 807 365 726 -613 -460 -794 679 -375 -932 -553 -195 941 -144 309 897 -408 -965 825 -215 -845 -651 211 831 790 364 -33 71 -730 161 -224 -69 538 -159 736 949 -400 -985 156 -952 620 731 -140 -434 -517 -354
838 983 342 -300 -836 711 412 -164 207 335 514 582 -655 -757 465 892 -591 808 -906 -405 -208 508 -173 -593 -375 222 137 394 -269 475 -932 -163 -944 886 140 -306 909 -671 -827 -234 944 913 -197 -666 -138 926 -467 -959 -136 43 99 -287 -994 -126 26 333 742 -844 308 415 622 -695 75 149 -715 -780 682 872 212 563 -831 966 -406 468 59 689 -951 -280 551 -84 880 -134 637 -623 549 127 816 186 -796 -252 -431 -824 290 141 295 299 461 51 660 -423
788 -185 -150 -247 -249 546 371 -838 832 62 -977 -543 -662 -371 258 -844 763 -976 -528 -995 631 714 -554 -265 -216 601 -953 845 140 -153 -297 367 -83 734 738 -996 618 927 -650 38 -101 -759 979 -979 265 66 225 -960 -915 -601 197 -414 464 161 -715 409 -128 373 406 -341 567 -923 -597 -394 991 -614 255 -515 -302 596 809 -274 -318 -636 725 -82 -814 -350 -767 -446 -531 741 -77 952 726 -950 413 -232 -336 -388 798 54 -863 -29 514 -593 431 -71 -985 46
264 -505 345 683 197 214 928 -337 851 -575 -152 -865 -358 409 555 615 -667 858 177 864 -356 310 -225 -591 -616 25 256 712 545 -284 43 -91 -736 397 -268 -748 -498 -503 814 722 118 -640 659 -4 7 558 813 -700 939 -477 -154 -426 82 -723 -160 -90 -955 -471 460 139 -232 427 -374 -105 848 -246 -21 -603 975 144 -822 -382 866 -62 -393 -174 -439 -965 -574 -104 131 -407 -398 581 792 715 59 -30 -265 -364 634 684 649 -46 -339 375 233 -292 -598 -120
450 -937 -834 -689 -46 581 -235 964 774 -265 -181 124 182 -764 396 -302 -66 -790 -180 -788 -138 -197 -252 -419 -503 235 905 -532 100 919 -756 -1 60 750 -472 648 803 -463 -626 -469 212 -179 -892 -656 -538 415 461 584 372 997 615 233 674 514 486 -75 -869 583 -241 -471 -786 -404 161 -433 207 -62 -587 897 -757 -461 315 -611 29 571 806 -602 -432 -223 -213 -811 380 967 226 -575 -441 -158 93 -523 916 -741 -858 465 524 -363 -852 -947 -174 289 -637 -413
-701 -17 829 686 977 142 454 621 138 -19 -526 -22 141 609 180 -381 80 815 269 865 300 50 -852 -143 125 200 791 944 -873 -927 -229 -591 910 627 -717 89 484 -942 -179 426 456 254 -298 560 186 -736 323 194 -706 382 904 253 -692 813 -671 -69 450 655 464 -669 -867 828 816 776 -196 781 -251 618 806 189 476 -111 350 -865 -58 -826 -541 923 177 -956 309 866 -617 -849 630 982 122 770 -413 443 -519 -434 178 882 571 333 997 -687 -346 -909
383 176 860 -584 -403 -262 717 -506 -943 -295 653 579 -744 -328 503 -643 -281 702 958 -100 465 959 460 -626 92 906 -500 904 305 990 -197 -43 -706 679 623 257 93 26 966 -75 71 458 797 814 260 571 751 82 746 -494 -551 -990 677 892 222 -179 152 -862 -143 -153 597 89 552 428 -539 -952 39 -819 413 -619 524 929 557 -356 586 -199 985 -553 328 521 -658 366 531 126 -413 732 -148 -309 -841 -78 -610 -743 468 -604 -747 -596 546 -234 -900 113
629 -273 -852 906 8 -989 -336 -425 -246 630 754 -189 -665 -78 -958 834 219 217 -548 305 898 751 -828 -907 -872 200 530 -542 787 -280 442 -306 -720 -571 -276 -406 862 577 709 -183 310 -914 -116 -132 -945 855 -284 267 -420 -328 525 -220 900 -1 -247 699 240 840 640 49 -263 -59 816 611 -606 -312 -278 463 -283 -38 431 642 -300 -516 122 808 -223 84 987 -518 309 -346 452 -109 -127 129 -90 -376 197 -528 -225 412 -684 697 795 -344 -987 -645 493 -554
-362 -728 -550 218 -967 867 -179 -383 435 -888 854 498 866 704 -903 275 -356 769 -921 -626 195 137 398 -137 267 -982 -902 306 -915 -241 394 191 -858 108 -473 -714 95 17 534 249 806 -38 -402 -69 776 -262 130 386 402 913 -500 808 907 -100 147 257 -217 -553 -642 987 -492 409 -396 -292 -918 961 -515 56 -814 536 -628 -210 -572 957 -510 222 -413 -270 50 5 93 -603 -739 548 646 -123 221 942 -61 -394 -648 947 -206 -224 531 -677 714 880 -381 799
143 851 634 -859 59 -914 -107 -565 592 -701 -505 509 108 414 602 656 820 647 -477 934 550 876 753 -720 806 139 -22 33 -161 -530 557 -309 -801 -359 -414 971 731 365 684 -837 -897 588 -651 -513 -209 991 704 -330 595 896 -395 -686 910 -421 -739 228 -206 -332 897 -868 901 81 346 671 -523 858 -248 -544 -652 -16 -247 103 -662 -835 -294 -984 693 -596 364 140 448 -768 116 -417 575 -188 894 418 -758 -694 -921 -109 1 -528 384 614 562 572 -242 -83
-321 230 192 -825 286 144 888 108 -94 -60 306 923 -608 647 642 580 -605 -303 -524 63 -611 -675 -880 925 -563 -633 -680 26 -911 -599 828 269 512 -628 940 -744 820 493 454 336 786 824 53 539 914 414 -687 562 -242 365 754 -6 -862 -926 664 723 -657 -618 342 651 -5 51 -591 -976 468 140 -518 188 -349 -336 528 935 -20 901 550 -571 -848 532 832 240 -496 -808 833 822 -401 -377 590 -629 657 -556 500 -839 943 -885 -165 -108 997 995 27 -664
337 715 -463 -472 -494 -16 814 991 -135 -566 501 -372 -568 -902 664 -897 871 448 216 56 707 -228 -243 256 -308 812 984 795 -205 163 470 239 -780 -528 958 758 319 -298 91 -250 451 565 -607 244 -404 917 321 -598 869 435 -414 -744 -993 495 555 -225 364 782 -249 652 -982 -973 357 -862 -694 584 -794 246 -673 619 -224 247 182 -401 967 78 -461 -989 304 -187 -265 400 506 199 -426 927 572 -230 -680 -126 -7 84 -282 514 -646 -845 -926 -171 818 240
-223 -47 472 -347 -632 455 -703 -143 -784 -31 791 -358 243 -146 -341 921 -434 174 -151 -309 950 46 853 -307 718 -968 -577 -620 -913 883 -848 -653 -759 195 199 786 856 431 123 -384 688 623 922 121 528 -535 -804 391 -324 702 885 -869 -739 -305 901 313 635 -447 -664 758 467 841 443 -265 318 748 -420 -615 966 -383 -775 571 161 -387 840 297 -916 -645 622 515 -818 254 -444 655 241 632 -129 520 61 542 -574 -617 -270 925 103 -723 845 897 -99 -296
650 -166 -324 964 1 340 -107 -176 865 158 246 22 86 -788 -940 717 948 -627 -262 -790 664 -20 559 26 -336 683 -496 -158 -117 -678 538 -774 85 -534 -360 13 797 -917 -504 -551 -277 -816 946 9 628 -836 811 44 -320 632 -244 -350 525 750 -942 -478 519 -185 -556 548 -629 -270 98 580 -841 586 960 -523 -448 716 -535 -213 282 906 -613 84 421 -45 -735 256 -491 391 281 204 -714 741 -300 -821 -974 584 157 790 -92 -326 -787 -172 930 -363 271 -138
66 944 341 722 -76 362 62 226 -811 372 -983 -885 358 382 -585 494 573 -995 -173 -437 906 -355 365 -165 -377 -115 -747 -793 845 589 -452 -291 -255 -624 736 -893 833 10 -34 -723 -302 -591 132 171 41 -802 -735 151 -336 185 -369 -967 96 -149 164 -764 -658 947 266 968 -899 409 -976 -262 -795 54 -694 -918 542 -781 -33 -246 -46 -227 986 220 440 602 -422 -414 -536 -993 -922 952 816 27 -1000 974 534 -47 -668 830 -40 -24 -98 -440 505 647 675 -711
97 184 620 -41 -958 -851 828 630 64 96 -690 582 996 -224 438 153 903 806 -104 -678 785 28 -842 -798 -519 -491 -369 768 278 -955 -377 494 -241 -580 -629 69 -567 248 958 -381 229 647 634 -641 -836 -47 -158 843 -532 678 -452 -287 265 -790 -888 -956 -193 638 635 -243 953 492 -713 -634 431 508 648 -46 -785 401 770 879 591 629 -812 -763 -759 352 -575 985 475 -885 -22 484 290 391 682 -978 148 908 -920 877 944 569 886 386 452 -139 136 973
865 35 163 -509 -377 -311 -953 134 51 -154 -762 552 945 574 755 321 52 -623 5 200 632 -172 115 295 -227 -975 -656 377 708 402 -508 -684 -251 -879 790 -109 -938 179 539 348 433 -361 -490 666 103 839 -247 -261 738 221 725 -404 -283 -115 -780 478 827 893 -482 -610 -197 -713 -718 -802 586 -996 382 -917 -392 558 850 -356 -353 -894 393 -381 672 566 340 -992 763 428 -538 373 66 -83 510 937 -818 993 -140 107 -150 -528 -594 -98 381 927 -483 -844
-577 713 -923 -127 584 -812 135 -942 126 259 690 -925 280 632 -397 155 -479 -478 -442 216 629 -608 -242 -223 223 792 -236 -232 250 150 35 -9 -456 -975 -158 69 757 -835 260 -837 718 -233 255 529 240 -580 688 798 191 -838 345 -586 -505 478 541 -417 -1 -380 959 210 -61 751 -905 -507 771 626 352 643 507 -787 891 411 -800 -193 -895 -510 -937 575 -567 283 744 -829 703 -820 814 -164 272 -815 -419 195 -287 586 412 564 966 -228 303 991 24 300
425 -659 -21 -633 -478 -528 -785 -971 -562 369 692 -980 -724 -404 889 334 -538 -58 -997 -141 792 646 869 -94 -668 548 627 -519 -373 -427 -819 -829 -695 -118 -592 -64 -909 -493 624 -504 995 -48 -581 -658 634 832 808 -50 -290 961 324 967 942 323 -516 394 -265 -52 187 -766 -267 -759 612 265 -799 357 -599 89 814 342 -8 997 420 -979 -769 -651 -306 194 804 -135 256 719 -108 404 -34 -390 -661 -270 -201 785 -476 -635 780 -790 -701 725 -237 -537 -403 212
828 -292 -941 948 -37 -150 473 -601 -693 41 558 459 827 -201 -779 -276 4 -253 434 -5 942 -199 -24 480 -381 235 -119 926 -841 308 303 342 -548 493 -692 315 -781 726 579 -757 -397 279 36 803 -297 963 -188 -686 262 174 633 -140 257 221 -628 171 596 -557 705 -330 129 605 -773 -992 -203 -61 -935 977 231 -798 -922 -280 -1 987 -491 892 701 106 220 -123 -760 -718 -724 -674 778 524 -109 487 -310 9 752 198 -216 -545 -916 -905 691 617 -955 -565
-928 300 -934 -330 743 -816 425 -761 -953 976 -626 729 -477 -468 243 661 -372 206 -741 -532 756 -328 -385 -913 -126 -388 586 995 575 -38 327 160 361 416 489 141 -179 313 -730 457 -619 -753 671 -967 -45 -121 763 -513 87 -633 -724 980 -664 -137 123 440 -355 540 828 -312 -534 941 869 60 691 558 979 -496 -693 836 518 319 61 625 458 -144 336 355 663 237 -846 -163 134 -610 622 -39 560 29 302 -80 -662 803 104 901 948 -186 -254 -886 127 -632
577 -983 241 141 -614 -934 -654 -12 -259 989 711 784 -301 -938 -206 -738 -404 -935 161 90 234 -312 787 469 6 933 549 -936 -906 361 164 261 739 -988 -202 -294 936 876 774 874 -649 629 -485 -592 298 -628 150 -113 -878 956 -67 724 244 740 540 584 459 -41 -853 655 586 493 -950 470 -430 -377 676 -566 964 422 375 -460 765 -545 913 -394 -175 -803 331 -207 -669 -27 611 211 -541 537 -551 -168 -570 144 -972 -262 162 -421 -136 -490 237 -131 -73 239
102 396 -799 -967 -211 -642 28 -941 -79 -622 -673 -562 -420 -672 -114 670 151 795 -144 245 76 -205 122 810 -88 582 111 -858 724 11 983 330 728 -129 -166 233 -467 -818 657 57 -595 -575 -585 -971 -20 -569 -343 611 -998 -145 -771 -674 492 279 461 -624 -112 882 -196 190 -784 490 614 -879 365 -660 -65 -446 243 -419 64 -383 -549 -89 508 -838 -481 -617 600 87 -814 -827 596 -127 717 -928 234 805 -390 912 542 623 -906 -895 -399 -554 -315 -195 -636 -380
-767 -465 348 645 472 797 355 -282 140 -671 203 -864 -868 -221 -92 219 452 -830 714 -237 51 -44 385 626 503 892 -747 -39 -740 -662 328 -840 500 930 -156 -564 541 16 581 -724 -764 -306 691 -496 842 -400 -843 929 255 955 165 -127 -540 -412 -863 346 -123 -610 -358 -133 -815 -625 280 854 133 571 -307 -372 994 -176 -930 -914 -476 167 904 -116 -705 686 762 954 -848 -239 -663 407 -463 -619 -731 643 -362 183 612 960 -448 -62 408 456 980 204 -668 -325
[RUN #2 3-3 100]
556 -276 -189
-847 -369 -210
345 310 -96
-744 658 -644
493 654 385
-447 325 170
507 -918 -841
956 18 -515
-612 -538 -516
143 -883 -464
-576 -299 924
-277 -594 -17
-114 659 75
-749 284 -111
-159 818 36
770 956 -343
488 298 230
478 -759 -776
-414 -782 -949
932 254 -151
-912 -908 338
-581 -635 616
505 108 -728
635 -259 719
-806 35 381
683 -85 493
-726 970 533
-134 -879 -388
681 983 58
21 325 -404
813 -753 -719
-640 -313 486
538 86 160
73 -389 181
-938 -210 222
606 300 409
140 924 497
-937 251 -118
459 575 444
475 647 -465
-151 -595 -673
-811 -650 580
490 -77 -132
796 -168 -33
311 -714 109
-420 358 -692
[RUN #3 5-5 100]
-496 596 882 -638 -418
-839 -637 286 131 -5
-433 33 -402 -335 -678
689 473 876 395 -180
-353 418 295 -572 -744
-112 -757 518 -342 -116
796 705 -690 -346 -524
-372 -57 152 -875 418
329 -318 -463 300 104
-986 145 107 599 -437
353 853 759 -521 781
-355 -946 860 110 820
-382 -583 642 -166 857
635 -467 989 -182 -187
171 -293 365 -609 961
-893 -124 525 -654 693
124 -748 -325 415 895
568 382 -333 811 626
-889 -761 -583 197 961
-141 379 206 730 766
390 -116 233 806 -623
700 491 230 -472 179
343 63 217 866 -419
-963 572 241 570 -619
-871 -454 -202 -506 642
140 450 -274 942 -30
-967 486 -577 -942 578
-693 174 -126 207 -163
153 -192 336 -918 505
430 679 -708 513 -539
716 -644 440 751 746
-845 -892 517 -591 -800
987 116 -8 655 -50
972 874 -906 434 354
-44 -859 -218 68 813
-860 687 -86 -445 -261
-59 812 385 234 -833
427 -975 233 -542 -517
620 -630 300 104 -340
5 584 934 257 688
-923 -338 410 -411 -59
38 -594 -235 258 -253
-155 -564 509 -790 -450
-512 313 -390 -896 610
-881 -648 -538 25 -505
864 772 -676 177 567
1 -753 -908 249 669
123 685 10 134 622
-654 -701 213 -504 -482
824 -454 -974 717 -37
522 -147 440 368 -838
-962 -138 949 -608 -938
-756 488 929 -520 861
-372 -871 -46 -632 85
338 -425 -511 250 155
368 729 -541 172 735
-627 -76 -733 -186 -941
-782 96 -487 474 -388
-862 305 -927 617 -607
-924 -861 -809 -790 83
422 -133 -535 724 250
636 -682 555 699 101
-7 715 155 482 -802
-732 78 546 215 -573
-544 306 127 -216 -145
-698 -780 -740 -483 -966
928 -976 -913 -484 -157
-599 937 -734 233 901
-27 -834 986 899 909
349 -466 -893 513 114
795 729 723 120 311
46 -687 311 -728 -55
-549 -427 12 849 -715
870 355 58 -225 921
-133 -443 -588 2 -58
-670 -464 81 -307 714
128 -779 96 708 -148
-7 428 344 -692 -952
816 -422 795 -785 -680
-37 -558 504 -803 -215
956 -663 -212 241 297
-839 639 691 90 -429
765 -7 733 552 133
664 673 97 340 -995
99 612 878 -277 -702
-891 -333 -25 -489 -424
-219 -485 -6 -644 501
-391 -89 577 -819 47
-725 -788 953 888 779
398 567 -27 775 988
-934 -638 -104 23 -628
-937 -924 -116 959 211
788 -982 671 970 -13
-917 65 -529 652 -417
-830 -920 131 -807 -118
-752 -456 203 952 -257
285 773 33 -916 924
-457 -524 -969 -342 268
-64 -790 435 905 267
-309 -886 -284 783 -319
